<?xml version="1.0" encoding="UTF-8"?>
<!-- Generated by org.testng.reporters.JUnitReportReporter -->
<testsuite hostname="LAPTOP-1CB0B1UK" failures="0" tests="1" name="automation.ebay.testrunner.fashionrunner" time="25.145" errors="0" timestamp="2024-02-25T13:51:03 IST" skipped="0">
  <testcase classname="automation.ebay.testrunner.fashionrunner" name="fashion_test_1" time="25.145"/>
  <system-out/>
</testsuite> <!-- automation.ebay.testrunner.fashionrunner -->
