<?xml version="1.0" encoding="UTF-8"?>
<!-- Generated by org.testng.reporters.JUnitReportReporter -->
<testsuite hostname="LAPTOP-1CB0B1UK" failures="0" tests="3" name="automation.ebay.testrunner.loginpagerunner" time="61.479" errors="0" timestamp="2024-01-11T18:19:29 IST" skipped="0">
  <testcase classname="automation.ebay.testrunner.loginpagerunner" name="clickonsignin_test_1" time="19.442"/>
  <system-out/>
  <testcase classname="automation.ebay.testrunner.loginpagerunner" name="password_test_3" time="22.221"/>
  <system-out/>
  <testcase classname="automation.ebay.testrunner.loginpagerunner" name="Username_test_2" time="19.816"/>
  <system-out/>
</testsuite> <!-- automation.ebay.testrunner.loginpagerunner -->
