<?xml version="1.0" encoding="UTF-8"?>
<!-- Generated by org.testng.reporters.JUnitReportReporter -->
<testsuite hostname="LAPTOP-1CB0B1UK" failures="0" tests="1" name="automation.ebay.testrunner.loginpagerunner" time="36.705" errors="0" timestamp="2024-01-17T11:48:06 IST" skipped="0">
  <testcase classname="automation.ebay.testrunner.loginpagerunner" name="password_test_3" time="36.705"/>
  <system-out/>
</testsuite> <!-- automation.ebay.testrunner.loginpagerunner -->
